<?xml version="1.0" encoding="UTF-8"?>
<testsuite xmlns:xsi="http://www.w3.org/2001/XMLSchema-instance" xsi:noNamespaceSchemaLocation="https://maven.apache.org/surefire/maven-surefire-plugin/xsd/surefire-test-report-3.0.xsd" version="3.0" name="com.levio.awsdemo.resume.AppTest" time="0.175" tests="1" errors="0" skipped="0" failures="0">
  <properties>
[...]
</properties>
  <testcase name="successfulResponse" classname="com.levio.awsdemo.resume.AppTest" time="0.028">
    <system-out><![CDATA[f9n7mfg2q03r35r05ro3ih8pa2og75nndj8k6v81
]]></system-out>
  </testcase>
</testsuite>